<?xml version="1.0" encoding="UTF-8"?>
<testng-results ignored="0" total="1" passed="1" failed="0" skipped="0">
  <reporter-output>
  </reporter-output>
  <suite started-at="2022-12-25T05:50:57Z" name="Default suite" finished-at="2022-12-25T05:51:10Z" duration-ms="13238">
    <groups>
    </groups>
    <test started-at="2022-12-25T05:50:57Z" name="Default test" finished-at="2022-12-25T05:51:10Z" duration-ms="13238">
      <class name="testNG.men.module.test.menModuleJacketTest">
        <test-method is-config="true" signature="startUP()[pri:0, instance:testNG.men.module.test.menModuleJacketTest@2eced48b]" started-at="2022-12-25T05:50:57Z" name="startUP" finished-at="2022-12-25T05:50:59Z" duration-ms="1986" status="PASS">
          <reporter-output>
          </reporter-output>
        </test-method> <!-- startUP -->
        <test-method signature="getMyLogin()[pri:0, instance:testNG.men.module.test.menModuleJacketTest@2eced48b]" started-at="2022-12-25T05:50:59Z" name="getMyLogin" finished-at="2022-12-25T05:51:10Z" duration-ms="11239" status="PASS">
          <reporter-output>
          </reporter-output>
        </test-method> <!-- getMyLogin -->
        <test-method is-config="true" signature="tearDown()[pri:0, instance:testNG.men.module.test.menModuleJacketTest@2eced48b]" started-at="2022-12-25T05:51:10Z" name="tearDown" finished-at="2022-12-25T05:51:10Z" duration-ms="0" status="PASS">
          <reporter-output>
          </reporter-output>
        </test-method> <!-- tearDown -->
      </class> <!-- testNG.men.module.test.menModuleJacketTest -->
    </test> <!-- Default test -->
  </suite> <!-- Default suite -->
</testng-results>
